25.92 6.59 21.36
214.38 8.84 68.45
499.71 8.84 68.77
785.03 8.84 68.86
1070.36 8.84 68.90
1355.68 8.84 68.93
1641.01 8.84 68.95
48.70 11.65 21.26
254.34 7.62 61.71
459.99 5.05 73.47
651.89 5.05 73.53
843.79 5.05 73.56
1035.69 5.05 73.59
1227.59 5.05 73.60
1419.49 5.05 73.61
1611.39 5.05 73.62
1803.29 5.05 73.63
1995.19 5.05 73.63
2187.09 5.05 73.64
2378.99 5.05 73.64
2570.89 5.05 73.64
2762.79 5.05 73.65
2954.69 5.05 73.65
3146.59 5.05 73.65
3338.49 5.05 73.65
3530.39 5.05 73.65
3722.29 5.05 73.66
3914.19 5.05 73.66
4106.09 5.05 73.66
4297.99 5.05 73.66
4489.89 5.05 73.66
4681.79 5.05 73.66
4873.69 5.05 73.66
5065.59 5.05 73.66
5257.49 5.05 73.66
5449.39 5.05 73.67
5641.29 5.05 73.67
5833.19 5.05 73.67
6025.09 5.05 73.67
6216.99 5.05 73.67
6408.89 5.05 73.67
6600.79 5.05 73.67
6792.69 5.05 73.67
6984.59 5.05 73.67
7176.49 5.05 73.67
